<?xml version="1.0" encoding="UTF-8"?>
<testsuite xmlns:xsi="http://www.w3.org/2001/XMLSchema-instance" xsi:noNamespaceSchemaLocation="https://maven.apache.org/surefire/maven-surefire-plugin/xsd/surefire-test-report-3.0.xsd" version="3.0" name="br.com.infnet.assessment.ClienteControllerTest" time="89.985" tests="10" errors="0" skipped="0" failures="0">
  <properties>
[...]
</properties>
  <testcase name="testaUpdateClienteWithNonExistingId" classname="br.com.infnet.assessment.ClienteControllerTest" time="0.113">
    <system-out><![CDATA[2023-12-14T06:38:43.506-03:00  INFO 3848 --- [           main] b.c.i.assessment.service.ClienteService  : Gerando Clientes
]]></system-out>
  </testcase>
  <testcase name="testaUpdateCliente" classname="br.com.infnet.assessment.ClienteControllerTest" time="0.103">
    <system-out><![CDATA[2023-12-14T06:38:52.704-03:00  INFO 3848 --- [           main] b.c.i.assessment.service.ClienteService  : Gerando Clientes
2023-12-14T06:39:01.513-03:00  INFO 3848 --- [           main] b.c.i.a.controllers.ClienteController    : Acessando updateCliente(id: 1, novo cliente: Cliente(id=1, nome=Ally Koch, cpf=72656142628, moedaLocal=BRL, saldoTotalMoedaLocal=640.2460914795374, saldos={EUR=26.060125411248013, USD=92.48755603011102, BRL=41.211855893387614})
]]></system-out>
  </testcase>
  <testcase name="testaGetByIdWithNonExistingId" classname="br.com.infnet.assessment.ClienteControllerTest" time="0.005">
    <system-out><![CDATA[2023-12-14T06:39:01.518-03:00  INFO 3848 --- [           main] b.c.i.assessment.service.ClienteService  : Gerando Clientes
2023-12-14T06:39:10.285-03:00  INFO 3848 --- [           main] b.c.i.a.controllers.ClienteController    : Acessando getById(id: 1000)
]]></system-out>
  </testcase>
  <testcase name="testaDeleteById" classname="br.com.infnet.assessment.ClienteControllerTest" time="0.004">
    <system-out><![CDATA[2023-12-14T06:39:10.289-03:00  INFO 3848 --- [           main] b.c.i.assessment.service.ClienteService  : Gerando Clientes
2023-12-14T06:39:19.172-03:00  INFO 3848 --- [           main] b.c.i.a.controllers.ClienteController    : Acessando deleteById(id: 1)
]]></system-out>
  </testcase>
  <testcase name="testaGetById" classname="br.com.infnet.assessment.ClienteControllerTest" time="0.004">
    <system-out><![CDATA[2023-12-14T06:39:19.175-03:00  INFO 3848 --- [           main] b.c.i.assessment.service.ClienteService  : Gerando Clientes
2023-12-14T06:39:27.916-03:00  INFO 3848 --- [           main] b.c.i.a.controllers.ClienteController    : Acessando getById(id: 1)
]]></system-out>
  </testcase>
  <testcase name="testaGetAllByPageAndSize" classname="br.com.infnet.assessment.ClienteControllerTest" time="0.024">
    <system-out><![CDATA[2023-12-14T06:39:27.921-03:00  INFO 3848 --- [           main] b.c.i.assessment.service.ClienteService  : Gerando Clientes
2023-12-14T06:39:37.887-03:00  INFO 3848 --- [           main] b.c.i.a.controllers.ClienteController    : Acessando getAllByPageAndSize(size: 100, page: 1)
]]></system-out>
  </testcase>
  <testcase name="testaGetAll" classname="br.com.infnet.assessment.ClienteControllerTest" time="0.003">
    <system-out><![CDATA[2023-12-14T06:39:37.903-03:00  INFO 3848 --- [           main] b.c.i.assessment.service.ClienteService  : Gerando Clientes
2023-12-14T06:39:47.515-03:00  INFO 3848 --- [           main] b.c.i.a.controllers.ClienteController    : Acessando getAll()
]]></system-out>
  </testcase>
  <testcase name="testaGetAllByPageAndSizeInvalidPage" classname="br.com.infnet.assessment.ClienteControllerTest" time="0.003">
    <system-out><![CDATA[2023-12-14T06:39:47.517-03:00  INFO 3848 --- [           main] b.c.i.assessment.service.ClienteService  : Gerando Clientes
2023-12-14T06:39:56.034-03:00  INFO 3848 --- [           main] b.c.i.a.controllers.ClienteController    : Acessando getAllByPageAndSize(size: 10, page: 11)
]]></system-out>
  </testcase>
  <testcase name="testaDeleteByIdWithNonExistingId" classname="br.com.infnet.assessment.ClienteControllerTest" time="0.003">
    <system-out><![CDATA[2023-12-14T06:39:56.037-03:00  INFO 3848 --- [           main] b.c.i.assessment.service.ClienteService  : Gerando Clientes
2023-12-14T06:40:05.366-03:00  INFO 3848 --- [           main] b.c.i.a.controllers.ClienteController    : Acessando deleteById(id: 1000)
]]></system-out>
  </testcase>
  <testcase name="testaCreateCliente" classname="br.com.infnet.assessment.ClienteControllerTest" time="0.084">
    <system-out><![CDATA[2023-12-14T06:40:05.369-03:00  INFO 3848 --- [           main] b.c.i.assessment.service.ClienteService  : Gerando Clientes
2023-12-14T06:40:13.485-03:00  INFO 3848 --- [           main] b.c.i.a.controllers.ClienteController    : Acessando createCliente(novo cliente: Cliente(id=101, nome=Alicia Gulgowski, cpf=42233773387, moedaLocal=BRL, saldoTotalMoedaLocal=607.7771669752699, saldos={EUR=16.915964515589444, USD=90.77653089715893, BRL=66.2206380424779})
]]></system-out>
  </testcase>
</testsuite>